<?xml version="1.0" encoding="UTF-8"?>
<testsuite name="com.hotelReservation.HotelReservationSystemTest" tests="1" skipped="0" failures="0" errors="0" timestamp="2021-05-21T18:22:22" hostname="LAPTOP-JK99497U" time="0.069">
  <properties/>
  <testcase name="findCheapestHotelInListShouldPassTestCase()" classname="com.hotelReservation.HotelReservationSystemTest" time="0.069"/>
  <system-out><![CDATA[]]></system-out>
  <system-err><![CDATA[]]></system-err>
</testsuite>
