<?xml version="1.0" encoding="UTF-8"?>
<testsuite name="com.hotelReservation.HotelReservationServiceTest" tests="1" skipped="0" failures="0" errors="0" timestamp="2021-05-21T18:53:37" hostname="LAPTOP-JK99497U" time="0.04">
  <properties/>
  <testcase name="given_HotelWith3Parameter_To_Add_Weekday_and_weekend_to_list_ShouldPassTestCase()" classname="com.hotelReservation.HotelReservationServiceTest" time="0.04"/>
  <system-out><![CDATA[]]></system-out>
  <system-err><![CDATA[]]></system-err>
</testsuite>
